Unity Editor version:    2022.1.2f1 (9427c1534183)
Branch:                  2022.1/staging
Build type:              Release
Batch mode:              YES
macOS version:           Version 13.1 (Build 22C65)
Darwin version:          22.2.0
Architecture:            arm64
Running under Rosetta:   NO
Available memory:        8192 MB
Using pre-set license
Pro License: YES

COMMAND LINE ARGUMENTS:
/Applications/Unity/Hub/Editor/2022.1.2f1/Unity.app/Contents/MacOS/Unity
-adb2
-batchMode
-noUpm
-name
AssetImportWorker1
-projectPath
/Users/osasusan/Documents/Unity/juego basico Unity
-logFile
Logs/AssetImportWorker1.log
-srvPort
58811
Successfully changed project path to: /Users/osasusan/Documents/Unity/juego basico Unity
/Users/osasusan/Documents/Unity/juego basico Unity
[UnityMemory] Configuration Parameters - Can be set up in boot.config
    "memorysetup-bucket-allocator-granularity=16"
    "memorysetup-bucket-allocator-bucket-count=8"
    "memorysetup-bucket-allocator-block-size=33554432"
    "memorysetup-bucket-allocator-block-count=8"
    "memorysetup-main-allocator-block-size=16777216"
    "memorysetup-thread-allocator-block-size=16777216"
    "memorysetup-gfx-main-allocator-block-size=16777216"
    "memorysetup-gfx-thread-allocator-block-size=16777216"
    "memorysetup-cache-allocator-block-size=4194304"
    "memorysetup-typetree-allocator-block-size=2097152"
    "memorysetup-profiler-bucket-allocator-granularity=16"
    "memorysetup-profiler-bucket-allocator-bucket-count=8"
    "memorysetup-profiler-bucket-allocator-block-size=33554432"
    "memorysetup-profiler-bucket-allocator-block-count=8"
    "memorysetup-profiler-allocator-block-size=16777216"
    "memorysetup-profiler-editor-allocator-block-size=1048576"
    "memorysetup-temp-allocator-size-main=16777216"
    "memorysetup-job-temp-allocator-block-size=2097152"
    "memorysetup-job-temp-allocator-block-size-background=1048576"
    "memorysetup-job-temp-allocator-reduction-small-platforms=262144"
    "memorysetup-temp-allocator-size-background-worker=32768"
    "memorysetup-temp-allocator-size-job-worker=262144"
    "memorysetup-temp-allocator-size-preload-manager=33554432"
    "memorysetup-temp-allocator-size-nav-mesh-worker=65536"
    "memorysetup-temp-allocator-size-audio-worker=65536"
    "memorysetup-temp-allocator-size-cloud-worker=32768"
    "memorysetup-temp-allocator-size-gi-baking-worker=262144"
    "memorysetup-temp-allocator-size-gfx=262144"
Refreshing native plugins compatible for Editor in 16.32 ms, found 1 plugins.
Preloading 0 native plugins for Editor in 0.00 ms.
Initialize engine version: 2022.1.2f1 (9427c1534183)
[Subsystems] Discovering subsystems at path /Applications/Unity/Hub/Editor/2022.1.2f1/Unity.app/Contents/Resources/UnitySubsystems
[Subsystems] Discovering subsystems at path /Users/osasusan/Documents/Unity/juego basico Unity/Assets
GfxDevice: creating device client; threaded=0; jobified=0
 preferred device: Apple M1 (high power)
Metal devices available: 1
0: Apple M1 (high power)
Forcing user selected device: Apple M1 (high power)
Initializing Metal device caps: Apple M1
Initialize mono
Mono path[0] = '/Applications/Unity/Hub/Editor/2022.1.2f1/Unity.app/Contents/Managed'
Mono path[1] = '/Applications/Unity/Hub/Editor/2022.1.2f1/Unity.app/Contents/MonoBleedingEdge/lib/mono/unityjit-macos'
Mono config path = '/Applications/Unity/Hub/Editor/2022.1.2f1/Unity.app/Contents/MonoBleedingEdge/etc'
Using monoOptions --debugger-agent=transport=dt_socket,embedding=1,server=y,suspend=n,address=127.0.0.1:56194
Begin MonoManager ReloadAssembly
Registering precompiled unity dll's ...
Register platform support module: /Applications/Unity/Hub/Editor/2022.1.2f1/Unity.app/Contents/PlaybackEngines/MacStandaloneSupport/UnityEditor.OSXStandalone.Extensions.dll
Register platform support module: /Applications/Unity/Hub/Editor/2022.1.2f1/PlaybackEngines/AndroidPlayer/UnityEditor.Android.Extensions.dll
Registered in 0.001345 seconds.
Native extension for Android target not found
Native extension for OSXStandalone target not found
Refreshing native plugins compatible for Editor in 15.21 ms, found 1 plugins.
Preloading 0 native plugins for Editor in 0.00 ms.
Mono: successfully reloaded assembly
- Completed reload, in  0.392 seconds
Domain Reload Profiling:
	ReloadAssembly (393ms)
		BeginReloadAssembly (63ms)
			ExecutionOrderSort (0ms)
			DisableScriptedObjects (0ms)
			BackupInstance (0ms)
			ReleaseScriptingObjects (0ms)
			CreateAndSetChildDomain (1ms)
		EndReloadAssembly (262ms)
			LoadAssemblies (64ms)
			RebuildTransferFunctionScriptingTraits (0ms)
			SetupTypeCache (83ms)
				TypeCache.Initialize (82ms)
					TypeCache.ScanAssembly (82ms)
				ResolveRequiredComponents (0ms)
			ReleaseScriptCaches (0ms)
			RebuildScriptCaches (19ms)
			SetupLoadedEditorAssemblies (131ms)
				LogAssemblyErrors (0ms)
				InitializePlatformSupportModulesInManaged (28ms)
				SetLoadedEditorAssemblies (4ms)
				RefreshPlugins (15ms)
				BeforeProcessingInitializeOnLoad (1ms)
				ProcessInitializeOnLoadAttributes (58ms)
				ProcessInitializeOnLoadMethodAttributes (24ms)
				AfterProcessingInitializeOnLoad (0ms)
				EditorAssembliesLoaded (0ms)
			ExecutionOrderSort2 (0ms)
			AwakeInstancesAfterBackupRestoration (0ms)
Platform modules already initialized, skipping
Registering precompiled user dll's ...
Registered in 0.000493 seconds.
Begin MonoManager ReloadAssembly
Native extension for Android target not found
Native extension for OSXStandalone target not found
Refreshing native plugins compatible for Editor in 0.13 ms, found 1 plugins.
Preloading 0 native plugins for Editor in 0.00 ms.
Mono: successfully reloaded assembly
- Completed reload, in  0.527 seconds
Domain Reload Profiling:
	ReloadAssembly (528ms)
		BeginReloadAssembly (172ms)
			ExecutionOrderSort (0ms)
			DisableScriptedObjects (3ms)
			BackupInstance (0ms)
			ReleaseScriptingObjects (0ms)
			CreateAndSetChildDomain (126ms)
		EndReloadAssembly (287ms)
			LoadAssemblies (33ms)
			RebuildTransferFunctionScriptingTraits (0ms)
			SetupTypeCache (91ms)
				TypeCache.Initialize (90ms)
					TypeCache.ScanAssembly (89ms)
				ResolveRequiredComponents (2ms)
			ReleaseScriptCaches (0ms)
			RebuildScriptCaches (26ms)
			SetupLoadedEditorAssemblies (108ms)
				LogAssemblyErrors (0ms)
				InitializePlatformSupportModulesInManaged (6ms)
				SetLoadedEditorAssemblies (3ms)
				RefreshPlugins (0ms)
				BeforeProcessingInitializeOnLoad (22ms)
				ProcessInitializeOnLoadAttributes (64ms)
				ProcessInitializeOnLoadMethodAttributes (10ms)
				AfterProcessingInitializeOnLoad (1ms)
				EditorAssembliesLoaded (0ms)
			ExecutionOrderSort2 (0ms)
			AwakeInstancesAfterBackupRestoration (2ms)
Platform modules already initialized, skipping
========================================================================
Worker process is ready to serve import requests
Launching external process: /Applications/Unity/Hub/Editor/2022.1.2f1/Unity.app/Contents/Tools/UnityShaderCompiler
Launched and connected shader compiler UnityShaderCompiler after 0.17 seconds
Refreshing native plugins compatible for Editor in 0.12 ms, found 1 plugins.
Preloading 0 native plugins for Editor in 0.00 ms.
Unloading 1049 Unused Serialized files (Serialized files now loaded: 0)
Unloading 10 unused Assets / (42.2 KB). Loaded Objects now: 1529.
Memory consumption went from 175.5 MB to 175.5 MB.
Total: 1.893750 ms (FindLiveObjects: 0.062291 ms CreateObjectMapping: 0.014459 ms MarkObjects: 1.760334 ms  DeleteObjects: 0.056084 ms)

AssetImportParameters requested are different than current active one (requested -> active):
  custom:video-decoder-ogg-theora: a1e56fd34408186e4bbccfd4996cb3dc -> 
  custom:container-muxer-webm: aa71ff27fc2769a1b78a27578f13a17b -> 
  custom:container-demuxer-webm: 4f35f7cbe854078d1ac9338744f61a02 -> 
  custom:video-encoder-webm-vp8: eb34c28f22e8b96e1ab97ce403110664 -> 
  custom:framework-osx-AVFoundation: e770b220cccbd017edd2c1fefb359320 -> 
  custom:audio-encoder-webm-vorbis: bf7c407c2cedff20999df2af8eb42d56 -> 
  custom:container-demuxer-ogg: 62fdf1f143b41e24485cea50d1cbac27 -> 
  custom:video-decoder-webm-vp8: 9c59270c3fd7afecdb556c50c9e8de78 -> 
  custom:audio-decoder-ogg-vorbis: bf7c407c2cedff20999df2af8eb42d56 -> 
========================================================================
Received Import Request.
  Time since last request: 358132.684634 seconds.
  path: Assets/prefabs/Sphere.prefab
  artifactKey: Guid(97f870d31957e394a9524d750e914d66) Importer(2089858483,0ecaa5967403d082aa24f35e1b516d23)
Start importing Assets/prefabs/Sphere.prefab using Guid(97f870d31957e394a9524d750e914d66) Importer(2089858483,0ecaa5967403d082aa24f35e1b516d23)  -> (artifact id: '8272fd6ecb957d193a57b045c75380e9') in 1.720652 seconds 
========================================================================
Received Import Request.
  Time since last request: 0.000144 seconds.
  path: Assets/prefabs/Suelo X.prefab
  artifactKey: Guid(4dbcc4580b196724aa9c26f6c331166a) Importer(2089858483,0ecaa5967403d082aa24f35e1b516d23)
Start importing Assets/prefabs/Suelo X.prefab using Guid(4dbcc4580b196724aa9c26f6c331166a) Importer(2089858483,0ecaa5967403d082aa24f35e1b516d23)  -> (artifact id: 'aaef6535e07e22f410cd47d1363b772c') in 0.014660 seconds 
========================================================================
Received Import Request.
  Time since last request: 0.000047 seconds.
  path: Assets/Scenes/nivel 3.unity
  artifactKey: Guid(a4c7f33ad36a0954bac6b35cad21d7c0) Importer(2089858483,0ecaa5967403d082aa24f35e1b516d23)
Start importing Assets/Scenes/nivel 3.unity using Guid(a4c7f33ad36a0954bac6b35cad21d7c0) Importer(2089858483,0ecaa5967403d082aa24f35e1b516d23)  -> (artifact id: '43726370116a4c4cdc344113f92d839c') in 0.004760 seconds 
========================================================================
Received Import Request.
  Time since last request: 0.000043 seconds.
  path: Assets/Material/suelo.mat
  artifactKey: Guid(831249d966be49f438611a3608b8dbc1) Importer(2089858483,0ecaa5967403d082aa24f35e1b516d23)
Start importing Assets/Material/suelo.mat using Guid(831249d966be49f438611a3608b8dbc1) Importer(2089858483,0ecaa5967403d082aa24f35e1b516d23)  -> (artifact id: 'dfe36be34d7bb3166478c30f6df6bae0') in 0.062586 seconds 
========================================================================
Received Import Request.
  Time since last request: 0.000044 seconds.
  path: Assets/Material/New Material.mat
  artifactKey: Guid(8d4e069b5ab451e4593a264b6a27acaa) Importer(2089858483,0ecaa5967403d082aa24f35e1b516d23)
Start importing Assets/Material/New Material.mat using Guid(8d4e069b5ab451e4593a264b6a27acaa) Importer(2089858483,0ecaa5967403d082aa24f35e1b516d23)  -> (artifact id: 'b938f802229dda4fe66648ad5261eee1') in 0.007587 seconds 
========================================================================
Received Import Request.
  Time since last request: 0.000041 seconds.
  path: Assets/Material/moneda.mat
  artifactKey: Guid(b74044f4121a6ca469dbc997161f00c1) Importer(2089858483,0ecaa5967403d082aa24f35e1b516d23)
Start importing Assets/Material/moneda.mat using Guid(b74044f4121a6ca469dbc997161f00c1) Importer(2089858483,0ecaa5967403d082aa24f35e1b516d23)  -> (artifact id: '910fa598a94257cf18ce8ae138582efc') in 0.003143 seconds 
========================================================================
Received Import Request.
  Time since last request: 0.000042 seconds.
  path: Assets/Scenes/nivel 1.unity
  artifactKey: Guid(9fc0d4010bbf28b4594072e72b8655ab) Importer(2089858483,0ecaa5967403d082aa24f35e1b516d23)
Start importing Assets/Scenes/nivel 1.unity using Guid(9fc0d4010bbf28b4594072e72b8655ab) Importer(2089858483,0ecaa5967403d082aa24f35e1b516d23)  -> (artifact id: 'ae95b66ebfeebdfd0dfda7c5a96ae452') in 0.001228 seconds 
========================================================================
Received Import Request.
  Time since last request: 0.000032 seconds.
  path: Assets/Material/fin.mat
  artifactKey: Guid(d672cc62df7ad6b4aa8128f61a3ea5e8) Importer(2089858483,0ecaa5967403d082aa24f35e1b516d23)
Start importing Assets/Material/fin.mat using Guid(d672cc62df7ad6b4aa8128f61a3ea5e8) Importer(2089858483,0ecaa5967403d082aa24f35e1b516d23)  -> (artifact id: 'b2325e723b9f70783b47085027dedbdb') in 0.003095 seconds 
========================================================================
Received Import Request.
  Time since last request: 0.000065 seconds.
  path: Assets/Scenes/nivel 1/LightingData.asset
  artifactKey: Guid(4ed38c312bcf10c48b9a05680ff82f95) Importer(2089858483,0ecaa5967403d082aa24f35e1b516d23)
Start importing Assets/Scenes/nivel 1/LightingData.asset using Guid(4ed38c312bcf10c48b9a05680ff82f95) Importer(2089858483,0ecaa5967403d082aa24f35e1b516d23)  -> (artifact id: '97fd955286d030c39ce35de74d8a5d83') in 0.031130 seconds 
========================================================================
Received Import Request.
  Time since last request: 0.000047 seconds.
  path: Assets/Scripts/Rotacion.cs
  artifactKey: Guid(0146bd785109cf447b8b9dc97c34ab37) Importer(2089858483,0ecaa5967403d082aa24f35e1b516d23)
Start importing Assets/Scripts/Rotacion.cs using Guid(0146bd785109cf447b8b9dc97c34ab37) Importer(2089858483,0ecaa5967403d082aa24f35e1b516d23)  -> (artifact id: '7d50bf286a9164ffca39a97b7425238b') in 0.073109 seconds 
========================================================================
Received Import Request.
  Time since last request: 0.000074 seconds.
  path: Assets/Scripts/ItemCollector.cs
  artifactKey: Guid(ef9aa5134f1a8ab408841cc1ad7c4655) Importer(2089858483,0ecaa5967403d082aa24f35e1b516d23)
Start importing Assets/Scripts/ItemCollector.cs using Guid(ef9aa5134f1a8ab408841cc1ad7c4655) Importer(2089858483,0ecaa5967403d082aa24f35e1b516d23)  -> (artifact id: 'dd820f9d160045931f116a6ec11ee035') in 0.003111 seconds 
========================================================================
Received Import Request.
  Time since last request: 0.000067 seconds.
  path: Assets/Scenes/nivel 2/LightingData.asset
  artifactKey: Guid(a1ff279dfae6a484b9723b33a0ebbede) Importer(2089858483,0ecaa5967403d082aa24f35e1b516d23)
Start importing Assets/Scenes/nivel 2/LightingData.asset using Guid(a1ff279dfae6a484b9723b33a0ebbede) Importer(2089858483,0ecaa5967403d082aa24f35e1b516d23)  -> (artifact id: '08f16da18246f9f66da08848848055ef') in 0.002484 seconds 
========================================================================
Received Import Request.
  Time since last request: 0.000027 seconds.
  path: Assets/Physics Material/,,,,,.physicMaterial
  artifactKey: Guid(1f74ce77706c4254eb65f45dca48cb0d) Importer(2089858483,0ecaa5967403d082aa24f35e1b516d23)
Start importing Assets/Physics Material/,,,,,.physicMaterial using Guid(1f74ce77706c4254eb65f45dca48cb0d) Importer(2089858483,0ecaa5967403d082aa24f35e1b516d23)  -> (artifact id: 'f851d934ee49e5ca7f5b2287f2a722ac') in 0.044317 seconds 
========================================================================
Received Import Request.
  Time since last request: 0.000041 seconds.
  path: Assets/Scenes/nivel 2/ReflectionProbe-0.exr
  artifactKey: Guid(09e1fdc38ef159e41a2480c024555ed6) Importer(2089858483,0ecaa5967403d082aa24f35e1b516d23)
Start importing Assets/Scenes/nivel 2/ReflectionProbe-0.exr using Guid(09e1fdc38ef159e41a2480c024555ed6) Importer(2089858483,0ecaa5967403d082aa24f35e1b516d23)  -> (artifact id: 'b7e8b3b1537764ed05d62f5d717ca801') in 0.621346 seconds 
========================================================================
Received Import Request.
  Time since last request: 0.000569 seconds.
  path: Assets/Scripts/startMenu.cs
  artifactKey: Guid(a01ed05ae16fe3e4b80a9cf369e34d6c) Importer(2089858483,0ecaa5967403d082aa24f35e1b516d23)
Start importing Assets/Scripts/startMenu.cs using Guid(a01ed05ae16fe3e4b80a9cf369e34d6c) Importer(2089858483,0ecaa5967403d082aa24f35e1b516d23)  -> (artifact id: 'f188a8d43220b1f1d7ba65a23861d2fe') in 0.002271 seconds 
========================================================================
Received Import Request.
  Time since last request: 0.000086 seconds.
  path: Assets/prefabs/Suelo Y.prefab
  artifactKey: Guid(e765ab944e29ebe448160f18bbf48f99) Importer(2089858483,0ecaa5967403d082aa24f35e1b516d23)
Start importing Assets/prefabs/Suelo Y.prefab using Guid(e765ab944e29ebe448160f18bbf48f99) Importer(2089858483,0ecaa5967403d082aa24f35e1b516d23)  -> (artifact id: '8a9c5b07f9e26836ddb9d73dedc6faef') in 0.005475 seconds 
========================================================================
Received Import Request.
  Time since last request: 0.000052 seconds.
  path: Assets/Scripts/playerMuve.cs
  artifactKey: Guid(6862d19dad2babf4583131f03a4f369c) Importer(2089858483,0ecaa5967403d082aa24f35e1b516d23)
Start importing Assets/Scripts/playerMuve.cs using Guid(6862d19dad2babf4583131f03a4f369c) Importer(2089858483,0ecaa5967403d082aa24f35e1b516d23)  -> (artifact id: '3a69e0337a18d83fce513c7457d7d15a') in 0.001765 seconds 
========================================================================
Received Prepare
Refreshing native plugins compatible for Editor in 1.57 ms, found 1 plugins.
Preloading 0 native plugins for Editor in 0.00 ms.
Unloading 2 Unused Serialized files (Serialized files now loaded: 0)
Unloading 3 unused Assets / (5.2 KB). Loaded Objects now: 1531.
Memory consumption went from 507.9 MB to 507.9 MB.
Total: 6.872667 ms (FindLiveObjects: 0.109541 ms CreateObjectMapping: 0.185750 ms MarkObjects: 6.523375 ms  DeleteObjects: 0.052583 ms)

AssetImportParameters requested are different than current active one (requested -> active):
  custom:video-decoder-ogg-theora: a1e56fd34408186e4bbccfd4996cb3dc -> 
  custom:container-muxer-webm: aa71ff27fc2769a1b78a27578f13a17b -> 
  custom:container-demuxer-webm: 4f35f7cbe854078d1ac9338744f61a02 -> 
  custom:video-encoder-webm-vp8: eb34c28f22e8b96e1ab97ce403110664 -> 
  custom:framework-osx-AVFoundation: e770b220cccbd017edd2c1fefb359320 -> 
  custom:audio-encoder-webm-vorbis: bf7c407c2cedff20999df2af8eb42d56 -> 
  custom:SearchIndexIgnoredProperties: e643bd26f0fe6173181afceb89e7c659 -> 
  custom:container-demuxer-ogg: 62fdf1f143b41e24485cea50d1cbac27 -> 
  custom:video-decoder-webm-vp8: 9c59270c3fd7afecdb556c50c9e8de78 -> 
  custom:audio-decoder-ogg-vorbis: bf7c407c2cedff20999df2af8eb42d56 -> 
